2026-03-03T10:31:34.959+08:00  INFO 42324 --- [main] com.example.SpringBootVueApplication     : Starting SpringBootVueApplication using Java 21.0.10 with PID 42324 (C:\javaProject\springBoot_vue\target\classes started by wxl99 in C:\javaProject\springBoot_vue)
2026-03-03T10:31:34.963+08:00 DEBUG 42324 --- [main] com.example.SpringBootVueApplication     : Running with Spring Boot v4.0.3, Spring v7.0.5
2026-03-03T10:31:34.964+08:00  INFO 42324 --- [main] com.example.SpringBootVueApplication     : No active profile set, falling back to 1 default profile: "default"
2026-03-03T10:31:35.582+08:00  INFO 42324 --- [main] .s.d.r.c.RepositoryConfigurationDelegate : Bootstrapping Spring Data JPA repositories in DEFAULT mode.
2026-03-03T10:31:35.618+08:00  INFO 42324 --- [main] .s.d.r.c.RepositoryConfigurationDelegate : Finished Spring Data repository scanning in 29 ms. Found 1 JPA repository interface.
2026-03-03T10:31:35.926+08:00  INFO 42324 --- [main] o.s.boot.tomcat.TomcatWebServer          : Tomcat initialized with port 9090 (http)
2026-03-03T10:31:35.935+08:00  INFO 42324 --- [main] o.apache.catalina.core.StandardService   : Starting service [Tomcat]
2026-03-03T10:31:35.935+08:00  INFO 42324 --- [main] o.apache.catalina.core.StandardEngine    : Starting Servlet engine: [Apache Tomcat/11.0.18]
2026-03-03T10:31:35.970+08:00  INFO 42324 --- [main] b.w.c.s.WebApplicationContextInitializer : Root WebApplicationContext: initialization completed in 973 ms
2026-03-03T10:31:36.072+08:00  INFO 42324 --- [main] com.zaxxer.hikari.HikariDataSource       : HikariPool-1 - Starting...
2026-03-03T10:31:36.074+08:00  WARN 42324 --- [main] c.zaxxer.hikari.util.DriverDataSource    : Registered driver with driverClassName=com.mysql.jdbc.Driver was not found, trying direct instantiation.
2026-03-03T10:31:36.203+08:00  INFO 42324 --- [main] com.zaxxer.hikari.pool.HikariPool        : HikariPool-1 - Added connection com.mysql.cj.jdbc.ConnectionImpl@faec277
2026-03-03T10:31:36.205+08:00  INFO 42324 --- [main] com.zaxxer.hikari.HikariDataSource       : HikariPool-1 - Start completed.
2026-03-03T10:31:36.228+08:00  INFO 42324 --- [main] org.hibernate.orm.jpa                    : HHH008540: Processing PersistenceUnitInfo [name: default]
2026-03-03T10:31:36.275+08:00  INFO 42324 --- [main] org.hibernate.orm.core                   : HHH000001: Hibernate ORM core version 7.2.4.Final
2026-03-03T10:31:36.624+08:00  INFO 42324 --- [main] o.s.o.j.p.SpringPersistenceUnitInfo      : No LoadTimeWeaver setup: ignoring JPA class transformer
2026-03-03T10:31:36.701+08:00  WARN 42324 --- [main] org.hibernate.orm.core                   : HHH000511: The 5.7.44 version for [org.hibernate.dialect.MySQLDialect] is no longer supported, hence certain features may not work properly.The minimum supported version is 8.0.0. Check the community dialects project for available legacy versions.
2026-03-03T10:31:36.715+08:00  INFO 42324 --- [main] org.hibernate.orm.connections.pooling    : HHH10001005: Database info:
	Database JDBC URL [jdbc:mysql://localhost:3306/springboot_vue?serverTimezone=Asia/Shanghai&useUnicode=true&characterEncoding=utf-8&useSSL=false&useSSl=false]
	Database driver: MySQL Connector/J
	Database dialect: MySQLDialect
	Database version: 5.7.44
	Default catalog/schema: springboot_vue/undefined
	Autocommit mode: undefined/unknown
	Isolation level: REPEATABLE_READ [default REPEATABLE_READ]
	JDBC fetch size: none
	Pool: DataSourceConnectionProvider
	Minimum pool size: undefined/unknown
	Maximum pool size: undefined/unknown
2026-03-03T10:31:37.411+08:00  INFO 42324 --- [main] org.hibernate.orm.core                   : HHH000489: No JTA platform available (set 'hibernate.transaction.jta.platform' to enable JTA platform integration)
2026-03-03T10:31:37.417+08:00  INFO 42324 --- [main] j.LocalContainerEntityManagerFactoryBean : Initialized JPA EntityManagerFactory for persistence unit 'default'
2026-03-03T10:31:37.488+08:00  INFO 42324 --- [main] o.s.d.j.r.query.QueryEnhancerFactories   : Hibernate is in classpath; If applicable, HQL parser will be used.
2026-03-03T10:31:37.727+08:00  WARN 42324 --- [main] JpaBaseConfiguration$JpaWebConfiguration : spring.jpa.open-in-view is enabled by default. Therefore, database queries may be performed during view rendering. Explicitly configure spring.jpa.open-in-view to disable this warning
2026-03-03T10:31:37.762+08:00  INFO 42324 --- [main] o.s.v.b.OptionalValidatorFactoryBean     : Failed to set up a Bean Validation provider: jakarta.validation.NoProviderFoundException: Unable to create a Configuration, because no Jakarta Validation provider could be found. Add a provider like Hibernate Validator (RI) to your classpath.
2026-03-03T10:31:38.052+08:00  INFO 42324 --- [main] o.s.boot.tomcat.TomcatWebServer          : Tomcat started on port 9090 (http) with context path '/'
2026-03-03T10:31:38.056+08:00  INFO 42324 --- [main] com.example.SpringBootVueApplication     : Started SpringBootVueApplication in 3.499 seconds (process running for 4.604)
2026-03-03T10:31:58.770+08:00  INFO 42324 --- [SpringApplicationShutdownHook] o.s.boot.tomcat.GracefulShutdown         : Commencing graceful shutdown. Waiting for active requests to complete
2026-03-03T10:31:58.780+08:00  INFO 42324 --- [tomcat-shutdown] o.s.boot.tomcat.GracefulShutdown         : Graceful shutdown complete
2026-03-03T10:31:58.783+08:00  INFO 42324 --- [SpringApplicationShutdownHook] j.LocalContainerEntityManagerFactoryBean : Closing JPA EntityManagerFactory for persistence unit 'default'
2026-03-03T10:31:58.784+08:00  INFO 42324 --- [SpringApplicationShutdownHook] com.zaxxer.hikari.HikariDataSource       : HikariPool-1 - Shutdown initiated...
2026-03-03T10:31:58.791+08:00  INFO 42324 --- [SpringApplicationShutdownHook] com.zaxxer.hikari.HikariDataSource       : HikariPool-1 - Shutdown completed.
2026-03-03T10:32:02.975+08:00  INFO 37872 --- [main] com.example.SpringBootVueApplication     : Starting SpringBootVueApplication using Java 21.0.10 with PID 37872 (C:\javaProject\springBoot_vue\target\classes started by wxl99 in C:\javaProject\springBoot_vue)
2026-03-03T10:32:02.977+08:00 DEBUG 37872 --- [main] com.example.SpringBootVueApplication     : Running with Spring Boot v4.0.3, Spring v7.0.5
2026-03-03T10:32:02.977+08:00  INFO 37872 --- [main] com.example.SpringBootVueApplication     : No active profile set, falling back to 1 default profile: "default"
2026-03-03T10:32:03.416+08:00  INFO 37872 --- [main] .s.d.r.c.RepositoryConfigurationDelegate : Bootstrapping Spring Data JPA repositories in DEFAULT mode.
2026-03-03T10:32:03.453+08:00  INFO 37872 --- [main] .s.d.r.c.RepositoryConfigurationDelegate : Finished Spring Data repository scanning in 32 ms. Found 1 JPA repository interface.
2026-03-03T10:32:03.736+08:00  INFO 37872 --- [main] o.s.boot.tomcat.TomcatWebServer          : Tomcat initialized with port 9090 (http)
2026-03-03T10:32:03.746+08:00  INFO 37872 --- [main] o.apache.catalina.core.StandardService   : Starting service [Tomcat]
2026-03-03T10:32:03.747+08:00  INFO 37872 --- [main] o.apache.catalina.core.StandardEngine    : Starting Servlet engine: [Apache Tomcat/11.0.18]
2026-03-03T10:32:03.779+08:00  INFO 37872 --- [main] b.w.c.s.WebApplicationContextInitializer : Root WebApplicationContext: initialization completed in 770 ms
2026-03-03T10:32:03.866+08:00  INFO 37872 --- [main] com.zaxxer.hikari.HikariDataSource       : HikariPool-1 - Starting...
2026-03-03T10:32:03.981+08:00  INFO 37872 --- [main] com.zaxxer.hikari.pool.HikariPool        : HikariPool-1 - Added connection com.mysql.cj.jdbc.ConnectionImpl@4597e6e3
2026-03-03T10:32:03.982+08:00  INFO 37872 --- [main] com.zaxxer.hikari.HikariDataSource       : HikariPool-1 - Start completed.
2026-03-03T10:32:04.001+08:00  INFO 37872 --- [main] org.hibernate.orm.jpa                    : HHH008540: Processing PersistenceUnitInfo [name: default]
2026-03-03T10:32:04.030+08:00  INFO 37872 --- [main] org.hibernate.orm.core                   : HHH000001: Hibernate ORM core version 7.2.4.Final
2026-03-03T10:32:04.396+08:00  INFO 37872 --- [main] o.s.o.j.p.SpringPersistenceUnitInfo      : No LoadTimeWeaver setup: ignoring JPA class transformer
2026-03-03T10:32:04.462+08:00  WARN 37872 --- [main] org.hibernate.orm.core                   : HHH000511: The 5.7.44 version for [org.hibernate.dialect.MySQLDialect] is no longer supported, hence certain features may not work properly.The minimum supported version is 8.0.0. Check the community dialects project for available legacy versions.
2026-03-03T10:32:04.475+08:00  INFO 37872 --- [main] org.hibernate.orm.connections.pooling    : HHH10001005: Database info:
	Database JDBC URL [jdbc:mysql://localhost:3306/springboot_vue?serverTimezone=Asia/Shanghai&useUnicode=true&characterEncoding=utf-8&useSSL=false&useSSl=false]
	Database driver: MySQL Connector/J
	Database dialect: MySQLDialect
	Database version: 5.7.44
	Default catalog/schema: springboot_vue/undefined
	Autocommit mode: undefined/unknown
	Isolation level: REPEATABLE_READ [default REPEATABLE_READ]
	JDBC fetch size: none
	Pool: DataSourceConnectionProvider
	Minimum pool size: undefined/unknown
	Maximum pool size: undefined/unknown
2026-03-03T10:32:05.024+08:00  INFO 37872 --- [main] org.hibernate.orm.core                   : HHH000489: No JTA platform available (set 'hibernate.transaction.jta.platform' to enable JTA platform integration)
2026-03-03T10:32:05.030+08:00  INFO 37872 --- [main] j.LocalContainerEntityManagerFactoryBean : Initialized JPA EntityManagerFactory for persistence unit 'default'
2026-03-03T10:32:05.084+08:00  INFO 37872 --- [main] o.s.d.j.r.query.QueryEnhancerFactories   : Hibernate is in classpath; If applicable, HQL parser will be used.
2026-03-03T10:32:05.269+08:00  WARN 37872 --- [main] JpaBaseConfiguration$JpaWebConfiguration : spring.jpa.open-in-view is enabled by default. Therefore, database queries may be performed during view rendering. Explicitly configure spring.jpa.open-in-view to disable this warning
2026-03-03T10:32:05.295+08:00  INFO 37872 --- [main] o.s.v.b.OptionalValidatorFactoryBean     : Failed to set up a Bean Validation provider: jakarta.validation.NoProviderFoundException: Unable to create a Configuration, because no Jakarta Validation provider could be found. Add a provider like Hibernate Validator (RI) to your classpath.
2026-03-03T10:32:05.541+08:00  INFO 37872 --- [main] o.s.boot.tomcat.TomcatWebServer          : Tomcat started on port 9090 (http) with context path '/'
2026-03-03T10:32:05.546+08:00  INFO 37872 --- [main] com.example.SpringBootVueApplication     : Started SpringBootVueApplication in 2.928 seconds (process running for 3.437)
2026-03-03T10:32:08.590+08:00  INFO 37872 --- [SpringApplicationShutdownHook] o.s.boot.tomcat.GracefulShutdown         : Commencing graceful shutdown. Waiting for active requests to complete
2026-03-03T10:32:08.601+08:00  INFO 37872 --- [tomcat-shutdown] o.s.boot.tomcat.GracefulShutdown         : Graceful shutdown complete
2026-03-03T10:32:08.604+08:00  INFO 37872 --- [SpringApplicationShutdownHook] j.LocalContainerEntityManagerFactoryBean : Closing JPA EntityManagerFactory for persistence unit 'default'
2026-03-03T10:32:08.606+08:00  INFO 37872 --- [SpringApplicationShutdownHook] com.zaxxer.hikari.HikariDataSource       : HikariPool-1 - Shutdown initiated...
2026-03-03T10:32:08.611+08:00  INFO 37872 --- [SpringApplicationShutdownHook] com.zaxxer.hikari.HikariDataSource       : HikariPool-1 - Shutdown completed.
